# JRE version: Java(TM) SE Runtime Environment (8.0_171-b11) (build 1.8.0_171-b11)
# Java VM: Java HotSpot(TM) 64-Bit Server VM (25.171-b11 mixed mode windows-amd64 compressed oops)
Heap:
 PSYoungGen      total 245760K, used 203499K [0x00000000d6100000, 0x00000000ec280000, 0x0000000100000000)
  eden space 235008K, 86% used [0x00000000d6100000,0x00000000e27bacc8,0x00000000e4680000)
  from space 10752K, 0% used [0x00000000e4680000,0x00000000e4680000,0x00000000e5100000)
  to   space 10752K, 0% used [0x00000000eb800000,0x00000000eb800000,0x00000000ec280000)
 ParOldGen       total 65536K, used 13668K [0x0000000082200000, 0x0000000086200000, 0x00000000d6100000)
  object space 65536K, 20% used [0x0000000082200000,0x0000000082f59180,0x0000000086200000)
 Metaspace       used 43390K, capacity 45568K, committed 45696K, reserved 1089536K
  class space    used 5821K, capacity 6208K, committed 6272K, reserved 1048576K
GC Heap History (10 events):
Event: 2.295 GC heap before
{Heap before GC invocations=7 (full 1):
 PSYoungGen      total 139264K, used 5784K [0x00000000d6100000, 0x00000000df100000, 0x0000000100000000)
  eden space 131072K, 0% used [0x00000000d6100000,0x00000000d6100000,0x00000000de100000)
  from space 8192K, 70% used [0x00000000de900000,0x00000000deea6300,0x00000000df100000)
  to   space 8192K, 0% used [0x00000000de100000,0x00000000de100000,0x00000000de900000)
 ParOldGen       total 86016K, used 4056K [0x0000000082200000, 0x0000000087600000, 0x00000000d6100000)
  object space 86016K, 4% used [0x0000000082200000,0x00000000825f6010,0x0000000087600000)
 Metaspace       used 20148K, capacity 21072K, committed 21248K, reserved 1067008K
  class space    used 2733K, capacity 2958K, committed 3072K, reserved 1048576K
Event: 2.318 GC heap after
Heap after GC invocations=7 (full 1):
 PSYoungGen      total 139264K, used 0K [0x00000000d6100000, 0x00000000df100000, 0x0000000100000000)
  eden space 131072K, 0% used [0x00000000d6100000,0x00000000d6100000,0x00000000de100000)
  from space 8192K, 0% used [0x00000000de900000,0x00000000de900000,0x00000000df100000)
  to   space 8192K, 0% used [0x00000000de100000,0x00000000de100000,0x00000000de900000)
 ParOldGen       total 46080K, used 5734K [0x0000000082200000, 0x0000000084f00000, 0x00000000d6100000)
  object space 46080K, 12% used [0x0000000082200000,0x0000000082799bc8,0x0000000084f00000)
 Metaspace       used 20148K, capacity 21072K, committed 21248K, reserved 1067008K
  class space    used 2733K, capacity 2958K, committed 3072K, reserved 1048576K
}
Event: 2.964 GC heap before
{Heap before GC invocations=8 (full 1):
 PSYoungGen      total 139264K, used 131072K [0x00000000d6100000, 0x00000000df100000, 0x0000000100000000)
  eden space 131072K, 100% used [0x00000000d6100000,0x00000000de100000,0x00000000de100000)
  from space 8192K, 0% used [0x00000000de900000,0x00000000de900000,0x00000000df100000)
  to   space 8192K, 0% used [0x00000000de100000,0x00000000de100000,0x00000000de900000)
 ParOldGen       total 46080K, used 5734K [0x0000000082200000, 0x0000000084f00000, 0x00000000d6100000)
  object space 46080K, 12% used [0x0000000082200000,0x0000000082799bc8,0x0000000084f00000)
 Metaspace       used 25516K, capacity 26634K, committed 26752K, reserved 1073152K
  class space    used 3377K, capacity 3637K, committed 3712K, reserved 1048576K
Event: 2.973 GC heap after
Heap after GC invocations=8 (full 1):
 PSYoungGen      total 139264K, used 8101K [0x00000000d6100000, 0x00000000e5b80000, 0x0000000100000000)
  eden space 131072K, 0% used [0x00000000d6100000,0x00000000d6100000,0x00000000de100000)
  from space 8192K, 98% used [0x00000000de100000,0x00000000de8e96a8,0x00000000de900000)
  to   space 8704K, 0% used [0x00000000e5300000,0x00000000e5300000,0x00000000e5b80000)
 ParOldGen       total 46080K, used 5742K [0x0000000082200000, 0x0000000084f00000, 0x00000000d6100000)
  object space 46080K, 12% used [0x0000000082200000,0x000000008279bbc8,0x0000000084f00000)
 Metaspace       used 25516K, capacity 26634K, committed 26752K, reserved 1073152K
  class space    used 3377K, capacity 3637K, committed 3712K, reserved 1048576K
}
Event: 4.095 GC heap before
{Heap before GC invocations=9 (full 1):
 PSYoungGen      total 139264K, used 139173K [0x00000000d6100000, 0x00000000e5b80000, 0x0000000100000000)
  eden space 131072K, 100% used [0x00000000d6100000,0x00000000de100000,0x00000000de100000)
  from space 8192K, 98% used [0x00000000de100000,0x00000000de8e96a8,0x00000000de900000)
  to   space 8704K, 0% used [0x00000000e5300000,0x00000000e5300000,0x00000000e5b80000)
 ParOldGen       total 46080K, used 5742K [0x0000000082200000, 0x0000000084f00000, 0x00000000d6100000)
  object space 46080K, 12% used [0x0000000082200000,0x000000008279bbc8,0x0000000084f00000)
 Metaspace       used 31232K, capacity 32772K, committed 32896K, reserved 1077248K
  class space    used 4127K, capacity 4418K, committed 4480K, reserved 1048576K
Event: 4.104 GC heap after
Heap after GC invocations=9 (full 1):
 PSYoungGen      total 243200K, used 8698K [0x00000000d6100000, 0x00000000e5b80000, 0x0000000100000000)
  eden space 234496K, 0% used [0x00000000d6100000,0x00000000d6100000,0x00000000e4600000)
  from space 8704K, 99% used [0x00000000e5300000,0x00000000e5b7ea48,0x00000000e5b80000)
  to   space 10752K, 0% used [0x00000000e4680000,0x00000000e4680000,0x00000000e5100000)
 ParOldGen       total 46080K, used 7748K [0x0000000082200000, 0x0000000084f00000, 0x00000000d6100000)
  object space 46080K, 16% used [0x0000000082200000,0x0000000082991398,0x0000000084f00000)
 Metaspace       used 31232K, capacity 32772K, committed 32896K, reserved 1077248K
  class space    used 4127K, capacity 4418K, committed 4480K, reserved 1048576K
}
Event: 4.683 GC heap before
{Heap before GC invocations=10 (full 1):
 PSYoungGen      total 243200K, used 57236K [0x00000000d6100000, 0x00000000e5b80000, 0x0000000100000000)
  eden space 234496K, 20% used [0x00000000d6100000,0x00000000d9066630,0x00000000e4600000)
  from space 8704K, 99% used [0x00000000e5300000,0x00000000e5b7ea48,0x00000000e5b80000)
  to   space 10752K, 0% used [0x00000000e4680000,0x00000000e4680000,0x00000000e5100000)
 ParOldGen       total 46080K, used 7748K [0x0000000082200000, 0x0000000084f00000, 0x00000000d6100000)
  object space 46080K, 16% used [0x0000000082200000,0x0000000082991398,0x0000000084f00000)
 Metaspace       used 33329K, capacity 35306K, committed 35416K, reserved 1079296K
  class space    used 4427K, capacity 4803K, committed 4864K, reserved 1048576K
Event: 4.690 GC heap after
Heap after GC invocations=10 (full 1):
 PSYoungGen      total 245760K, used 8677K [0x00000000d6100000, 0x00000000ec280000, 0x0000000100000000)
  eden space 235008K, 0% used [0x00000000d6100000,0x00000000d6100000,0x00000000e4680000)
  from space 10752K, 80% used [0x00000000e4680000,0x00000000e4ef95c0,0x00000000e5100000)
  to   space 10752K, 0% used [0x00000000eb800000,0x00000000eb800000,0x00000000ec280000)
 ParOldGen       total 46080K, used 7756K [0x0000000082200000, 0x0000000084f00000, 0x00000000d6100000)
  object space 46080K, 16% used [0x0000000082200000,0x0000000082993398,0x0000000084f00000)
 Metaspace       used 33329K, capacity 35306K, committed 35416K, reserved 1079296K
  class space    used 4427K, capacity 4803K, committed 4864K, reserved 1048576K
}
Event: 4.690 GC heap before
{Heap before GC invocations=11 (full 2):
 PSYoungGen      total 245760K, used 8677K [0x00000000d6100000, 0x00000000ec280000, 0x0000000100000000)
  eden space 235008K, 0% used [0x00000000d6100000,0x00000000d6100000,0x00000000e4680000)
  from space 10752K, 80% used [0x00000000e4680000,0x00000000e4ef95c0,0x00000000e5100000)
  to   space 10752K, 0% used [0x00000000eb800000,0x00000000eb800000,0x00000000ec280000)
 ParOldGen       total 46080K, used 7756K [0x0000000082200000, 0x0000000084f00000, 0x00000000d6100000)
  object space 46080K, 16% used [0x0000000082200000,0x0000000082993398,0x0000000084f00000)
 Metaspace       used 33329K, capacity 35306K, committed 35416K, reserved 1079296K
  class space    used 4427K, capacity 4803K, committed 4864K, reserved 1048576K
Event: 4.724 GC heap after
Heap after GC invocations=11 (full 2):
 PSYoungGen      total 245760K, used 0K [0x00000000d6100000, 0x00000000ec280000, 0x0000000100000000)
  eden space 235008K, 0% used [0x00000000d6100000,0x00000000d6100000,0x00000000e4680000)
  from space 10752K, 0% used [0x00000000e4680000,0x00000000e4680000,0x00000000e5100000)
  to   space 10752K, 0% used [0x00000000eb800000,0x00000000eb800000,0x00000000ec280000)
 ParOldGen       total 65536K, used 13668K [0x0000000082200000, 0x0000000086200000, 0x00000000d6100000)
  object space 65536K, 20% used [0x0000000082200000,0x0000000082f59180,0x0000000086200000)
 Metaspace       used 33329K, capacity 35306K, committed 35416K, reserved 1079296K
  class space    used 4427K, capacity 4803K, committed 4864K, reserved 1048576K
}

