# JRE version: Java(TM) SE Runtime Environment (8.0_171-b11) (build 1.8.0_171-b11)
# Java VM: Java HotSpot(TM) 64-Bit Server VM (25.171-b11 mixed mode windows-amd64 compressed oops)
Heap:
 PSYoungGen      total 321024K, used 21626K [0x00000000d6100000, 0x00000000ea800000, 0x0000000100000000)
  eden space 307200K, 7% used [0x00000000d6100000,0x00000000d761e848,0x00000000e8d00000)
  from space 13824K, 0% used [0x00000000e8d00000,0x00000000e8d00000,0x00000000e9a80000)
  to   space 10752K, 0% used [0x00000000e9d00000,0x00000000e9d00000,0x00000000ea780000)
 ParOldGen       total 71168K, used 29157K [0x0000000082200000, 0x0000000086780000, 0x00000000d6100000)
  object space 71168K, 40% used [0x0000000082200000,0x0000000083e795a8,0x0000000086780000)
 Metaspace       used 56070K, capacity 59070K, committed 59284K, reserved 1099776K
  class space    used 7680K, capacity 8177K, committed 8192K, reserved 1048576K
GC Heap History (10 events):
Event: 4.979 GC heap before
{Heap before GC invocations=10 (full 1):
 PSYoungGen      total 231936K, used 58336K [0x00000000d6100000, 0x00000000e5180000, 0x0000000100000000)
  eden space 223232K, 22% used [0x00000000d6100000,0x00000000d917c938,0x00000000e3b00000)
  from space 8704K, 99% used [0x00000000e4900000,0x00000000e517b8b0,0x00000000e5180000)
  to   space 10752K, 0% used [0x00000000e3c80000,0x00000000e3c80000,0x00000000e4700000)
 ParOldGen       total 48640K, used 7577K [0x0000000082200000, 0x0000000085180000, 0x00000000d6100000)
  object space 48640K, 15% used [0x0000000082200000,0x0000000082966538,0x0000000085180000)
 Metaspace       used 33276K, capacity 35266K, committed 35416K, reserved 1079296K
  class space    used 4420K, capacity 4771K, committed 4864K, reserved 1048576K
Event: 4.986 GC heap after
Heap after GC invocations=10 (full 1):
 PSYoungGen      total 235520K, used 8676K [0x00000000d6100000, 0x00000000ea780000, 0x0000000100000000)
  eden space 224768K, 0% used [0x00000000d6100000,0x00000000d6100000,0x00000000e3c80000)
  from space 10752K, 80% used [0x00000000e3c80000,0x00000000e44f92c8,0x00000000e4700000)
  to   space 10752K, 0% used [0x00000000e9d00000,0x00000000e9d00000,0x00000000ea780000)
 ParOldGen       total 48640K, used 7585K [0x0000000082200000, 0x0000000085180000, 0x00000000d6100000)
  object space 48640K, 15% used [0x0000000082200000,0x0000000082968538,0x0000000085180000)
 Metaspace       used 33276K, capacity 35266K, committed 35416K, reserved 1079296K
  class space    used 4420K, capacity 4771K, committed 4864K, reserved 1048576K
}
Event: 4.986 GC heap before
{Heap before GC invocations=11 (full 2):
 PSYoungGen      total 235520K, used 8676K [0x00000000d6100000, 0x00000000ea780000, 0x0000000100000000)
  eden space 224768K, 0% used [0x00000000d6100000,0x00000000d6100000,0x00000000e3c80000)
  from space 10752K, 80% used [0x00000000e3c80000,0x00000000e44f92c8,0x00000000e4700000)
  to   space 10752K, 0% used [0x00000000e9d00000,0x00000000e9d00000,0x00000000ea780000)
 ParOldGen       total 48640K, used 7585K [0x0000000082200000, 0x0000000085180000, 0x00000000d6100000)
  object space 48640K, 15% used [0x0000000082200000,0x0000000082968538,0x0000000085180000)
 Metaspace       used 33276K, capacity 35266K, committed 35416K, reserved 1079296K
  class space    used 4420K, capacity 4771K, committed 4864K, reserved 1048576K
Event: 5.022 GC heap after
Heap after GC invocations=11 (full 2):
 PSYoungGen      total 235520K, used 0K [0x00000000d6100000, 0x00000000ea780000, 0x0000000100000000)
  eden space 224768K, 0% used [0x00000000d6100000,0x00000000d6100000,0x00000000e3c80000)
  from space 10752K, 0% used [0x00000000e3c80000,0x00000000e3c80000,0x00000000e4700000)
  to   space 10752K, 0% used [0x00000000e9d00000,0x00000000e9d00000,0x00000000ea780000)
 ParOldGen       total 71168K, used 13693K [0x0000000082200000, 0x0000000086780000, 0x00000000d6100000)
  object space 71168K, 19% used [0x0000000082200000,0x0000000082f5f428,0x0000000086780000)
 Metaspace       used 33276K, capacity 35266K, committed 35416K, reserved 1079296K
  class space    used 4420K, capacity 4771K, committed 4864K, reserved 1048576K
}
Event: 6.983 GC heap before
{Heap before GC invocations=12 (full 2):
 PSYoungGen      total 235520K, used 224768K [0x00000000d6100000, 0x00000000ea780000, 0x0000000100000000)
  eden space 224768K, 100% used [0x00000000d6100000,0x00000000e3c80000,0x00000000e3c80000)
  from space 10752K, 0% used [0x00000000e3c80000,0x00000000e3c80000,0x00000000e4700000)
  to   space 10752K, 0% used [0x00000000e9d00000,0x00000000e9d00000,0x00000000ea780000)
 ParOldGen       total 71168K, used 13693K [0x0000000082200000, 0x0000000086780000, 0x00000000d6100000)
  object space 71168K, 19% used [0x0000000082200000,0x0000000082f5f428,0x0000000086780000)
 Metaspace       used 45608K, capacity 47800K, committed 48000K, reserved 1091584K
  class space    used 6120K, capacity 6512K, committed 6528K, reserved 1048576K
Event: 6.995 GC heap after
Heap after GC invocations=12 (full 2):
 PSYoungGen      total 317952K, used 10746K [0x00000000d6100000, 0x00000000ea800000, 0x0000000100000000)
  eden space 307200K, 0% used [0x00000000d6100000,0x00000000d6100000,0x00000000e8d00000)
  from space 10752K, 99% used [0x00000000e9d00000,0x00000000ea77eb70,0x00000000ea780000)
  to   space 13824K, 0% used [0x00000000e8d00000,0x00000000e8d00000,0x00000000e9a80000)
 ParOldGen       total 71168K, used 18334K [0x0000000082200000, 0x0000000086780000, 0x00000000d6100000)
  object space 71168K, 25% used [0x0000000082200000,0x00000000833e7830,0x0000000086780000)
 Metaspace       used 45608K, capacity 47800K, committed 48000K, reserved 1091584K
  class space    used 6120K, capacity 6512K, committed 6528K, reserved 1048576K
}
Event: 12.857 GC heap before
{Heap before GC invocations=13 (full 2):
 PSYoungGen      total 317952K, used 194669K [0x00000000d6100000, 0x00000000ea800000, 0x0000000100000000)
  eden space 307200K, 59% used [0x00000000d6100000,0x00000000e149cc18,0x00000000e8d00000)
  from space 10752K, 99% used [0x00000000e9d00000,0x00000000ea77eb70,0x00000000ea780000)
  to   space 13824K, 0% used [0x00000000e8d00000,0x00000000e8d00000,0x00000000e9a80000)
 ParOldGen       total 71168K, used 18334K [0x0000000082200000, 0x0000000086780000, 0x00000000d6100000)
  object space 71168K, 25% used [0x0000000082200000,0x00000000833e7830,0x0000000086780000)
 Metaspace       used 55978K, capacity 58912K, committed 59028K, reserved 1099776K
  class space    used 7653K, capacity 8136K, committed 8192K, reserved 1048576K
Event: 12.876 GC heap after
Heap after GC invocations=13 (full 2):
 PSYoungGen      total 321024K, used 11702K [0x00000000d6100000, 0x00000000ea800000, 0x0000000100000000)
  eden space 307200K, 0% used [0x00000000d6100000,0x00000000d6100000,0x00000000e8d00000)
  from space 13824K, 84% used [0x00000000e8d00000,0x00000000e986d8c8,0x00000000e9a80000)
  to   space 10752K, 0% used [0x00000000e9d00000,0x00000000e9d00000,0x00000000ea780000)
 ParOldGen       total 71168K, used 24388K [0x0000000082200000, 0x0000000086780000, 0x00000000d6100000)
  object space 71168K, 34% used [0x0000000082200000,0x00000000839d1308,0x0000000086780000)
 Metaspace       used 55978K, capacity 58912K, committed 59028K, reserved 1099776K
  class space    used 7653K, capacity 8136K, committed 8192K, reserved 1048576K
}
Event: 12.876 GC heap before
{Heap before GC invocations=14 (full 3):
 PSYoungGen      total 321024K, used 11702K [0x00000000d6100000, 0x00000000ea800000, 0x0000000100000000)
  eden space 307200K, 0% used [0x00000000d6100000,0x00000000d6100000,0x00000000e8d00000)
  from space 13824K, 84% used [0x00000000e8d00000,0x00000000e986d8c8,0x00000000e9a80000)
  to   space 10752K, 0% used [0x00000000e9d00000,0x00000000e9d00000,0x00000000ea780000)
 ParOldGen       total 71168K, used 24388K [0x0000000082200000, 0x0000000086780000, 0x00000000d6100000)
  object space 71168K, 34% used [0x0000000082200000,0x00000000839d1308,0x0000000086780000)
 Metaspace       used 55978K, capacity 58912K, committed 59028K, reserved 1099776K
  class space    used 7653K, capacity 8136K, committed 8192K, reserved 1048576K
Event: 13.076 GC heap after
Heap after GC invocations=14 (full 3):
 PSYoungGen      total 321024K, used 0K [0x00000000d6100000, 0x00000000ea800000, 0x0000000100000000)
  eden space 307200K, 0% used [0x00000000d6100000,0x00000000d6100000,0x00000000e8d00000)
  from space 13824K, 0% used [0x00000000e8d00000,0x00000000e8d00000,0x00000000e9a80000)
  to   space 10752K, 0% used [0x00000000e9d00000,0x00000000e9d00000,0x00000000ea780000)
 ParOldGen       total 71168K, used 29157K [0x0000000082200000, 0x0000000086780000, 0x00000000d6100000)
  object space 71168K, 40% used [0x0000000082200000,0x0000000083e795a8,0x0000000086780000)
 Metaspace       used 55978K, capacity 58912K, committed 59028K, reserved 1099776K
  class space    used 7653K, capacity 8136K, committed 8192K, reserved 1048576K
}

