# JRE version: Java(TM) SE Runtime Environment (8.0_171-b11) (build 1.8.0_171-b11)
# Java VM: Java HotSpot(TM) 64-Bit Server VM (25.171-b11 mixed mode windows-amd64 compressed oops)
Heap:
 PSYoungGen      total 232960K, used 202056K [0x00000000d6100000, 0x00000000ea180000, 0x0000000100000000)
  eden space 222208K, 90% used [0x00000000d6100000,0x00000000e26523a0,0x00000000e3a00000)
  from space 10752K, 0% used [0x00000000e3a00000,0x00000000e3a00000,0x00000000e4480000)
  to   space 10752K, 0% used [0x00000000e9700000,0x00000000e9700000,0x00000000ea180000)
 ParOldGen       total 49664K, used 13676K [0x0000000082200000, 0x0000000085280000, 0x00000000d6100000)
  object space 49664K, 27% used [0x0000000082200000,0x0000000082f5b0b0,0x0000000085280000)
 Metaspace       used 43448K, capacity 45636K, committed 45952K, reserved 1089536K
  class space    used 5827K, capacity 6208K, committed 6272K, reserved 1048576K
GC Heap History (10 events):
Event: 2.098 GC heap before
{Heap before GC invocations=7 (full 1):
 PSYoungGen      total 139264K, used 5801K [0x00000000d6100000, 0x00000000df100000, 0x0000000100000000)
  eden space 131072K, 0% used [0x00000000d6100000,0x00000000d6100000,0x00000000de100000)
  from space 8192K, 70% used [0x00000000de900000,0x00000000deeaa5c0,0x00000000df100000)
  to   space 8192K, 0% used [0x00000000de100000,0x00000000de100000,0x00000000de900000)
 ParOldGen       total 86016K, used 4044K [0x0000000082200000, 0x0000000087600000, 0x00000000d6100000)
  object space 86016K, 4% used [0x0000000082200000,0x00000000825f3108,0x0000000087600000)
 Metaspace       used 20162K, capacity 21072K, committed 21248K, reserved 1067008K
  class space    used 2744K, capacity 2958K, committed 3072K, reserved 1048576K
Event: 2.125 GC heap after
Heap after GC invocations=7 (full 1):
 PSYoungGen      total 139264K, used 0K [0x00000000d6100000, 0x00000000df100000, 0x0000000100000000)
  eden space 131072K, 0% used [0x00000000d6100000,0x00000000d6100000,0x00000000de100000)
  from space 8192K, 0% used [0x00000000de900000,0x00000000de900000,0x00000000df100000)
  to   space 8192K, 0% used [0x00000000de100000,0x00000000de100000,0x00000000de900000)
 ParOldGen       total 49664K, used 5784K [0x0000000082200000, 0x0000000085280000, 0x00000000d6100000)
  object space 49664K, 11% used [0x0000000082200000,0x00000000827a63d8,0x0000000085280000)
 Metaspace       used 20162K, capacity 21072K, committed 21248K, reserved 1067008K
  class space    used 2744K, capacity 2958K, committed 3072K, reserved 1048576K
}
Event: 2.737 GC heap before
{Heap before GC invocations=8 (full 1):
 PSYoungGen      total 139264K, used 131072K [0x00000000d6100000, 0x00000000df100000, 0x0000000100000000)
  eden space 131072K, 100% used [0x00000000d6100000,0x00000000de100000,0x00000000de100000)
  from space 8192K, 0% used [0x00000000de900000,0x00000000de900000,0x00000000df100000)
  to   space 8192K, 0% used [0x00000000de100000,0x00000000de100000,0x00000000de900000)
 ParOldGen       total 49664K, used 5784K [0x0000000082200000, 0x0000000085280000, 0x00000000d6100000)
  object space 49664K, 11% used [0x0000000082200000,0x00000000827a63d8,0x0000000085280000)
 Metaspace       used 25537K, capacity 26634K, committed 26752K, reserved 1073152K
  class space    used 3386K, capacity 3637K, committed 3712K, reserved 1048576K
Event: 2.745 GC heap after
Heap after GC invocations=8 (full 1):
 PSYoungGen      total 139264K, used 8049K [0x00000000d6100000, 0x00000000e4f00000, 0x0000000100000000)
  eden space 131072K, 0% used [0x00000000d6100000,0x00000000d6100000,0x00000000de100000)
  from space 8192K, 98% used [0x00000000de100000,0x00000000de8dc678,0x00000000de900000)
  to   space 8704K, 0% used [0x00000000e4680000,0x00000000e4680000,0x00000000e4f00000)
 ParOldGen       total 49664K, used 5792K [0x0000000082200000, 0x0000000085280000, 0x00000000d6100000)
  object space 49664K, 11% used [0x0000000082200000,0x00000000827a83d8,0x0000000085280000)
 Metaspace       used 25537K, capacity 26634K, committed 26752K, reserved 1073152K
  class space    used 3386K, capacity 3637K, committed 3712K, reserved 1048576K
}
Event: 3.981 GC heap before
{Heap before GC invocations=9 (full 1):
 PSYoungGen      total 139264K, used 139121K [0x00000000d6100000, 0x00000000e4f00000, 0x0000000100000000)
  eden space 131072K, 100% used [0x00000000d6100000,0x00000000de100000,0x00000000de100000)
  from space 8192K, 98% used [0x00000000de100000,0x00000000de8dc678,0x00000000de900000)
  to   space 8704K, 0% used [0x00000000e4680000,0x00000000e4680000,0x00000000e4f00000)
 ParOldGen       total 49664K, used 5792K [0x0000000082200000, 0x0000000085280000, 0x00000000d6100000)
  object space 49664K, 11% used [0x0000000082200000,0x00000000827a83d8,0x0000000085280000)
 Metaspace       used 31195K, capacity 32764K, committed 32896K, reserved 1077248K
  class space    used 4122K, capacity 4416K, committed 4480K, reserved 1048576K
Event: 3.991 GC heap after
Heap after GC invocations=9 (full 1):
 PSYoungGen      total 229376K, used 8684K [0x00000000d6100000, 0x00000000e4f00000, 0x0000000100000000)
  eden space 220672K, 0% used [0x00000000d6100000,0x00000000d6100000,0x00000000e3880000)
  from space 8704K, 99% used [0x00000000e4680000,0x00000000e4efb3f8,0x00000000e4f00000)
  to   space 10752K, 0% used [0x00000000e3a00000,0x00000000e3a00000,0x00000000e4480000)
 ParOldGen       total 49664K, used 7691K [0x0000000082200000, 0x0000000085280000, 0x00000000d6100000)
  object space 49664K, 15% used [0x0000000082200000,0x0000000082982ef8,0x0000000085280000)
 Metaspace       used 31195K, capacity 32764K, committed 32896K, reserved 1077248K
  class space    used 4122K, capacity 4416K, committed 4480K, reserved 1048576K
}
Event: 4.645 GC heap before
{Heap before GC invocations=10 (full 1):
 PSYoungGen      total 229376K, used 57269K [0x00000000d6100000, 0x00000000e4f00000, 0x0000000100000000)
  eden space 220672K, 22% used [0x00000000d6100000,0x00000000d9072020,0x00000000e3880000)
  from space 8704K, 99% used [0x00000000e4680000,0x00000000e4efb3f8,0x00000000e4f00000)
  to   space 10752K, 0% used [0x00000000e3a00000,0x00000000e3a00000,0x00000000e4480000)
 ParOldGen       total 49664K, used 7691K [0x0000000082200000, 0x0000000085280000, 0x00000000d6100000)
  object space 49664K, 15% used [0x0000000082200000,0x0000000082982ef8,0x0000000085280000)
 Metaspace       used 33282K, capacity 35278K, committed 35416K, reserved 1079296K
  class space    used 4420K, capacity 4771K, committed 4864K, reserved 1048576K
Event: 4.653 GC heap after
Heap after GC invocations=10 (full 1):
 PSYoungGen      total 232960K, used 8624K [0x00000000d6100000, 0x00000000ea180000, 0x0000000100000000)
  eden space 222208K, 0% used [0x00000000d6100000,0x00000000d6100000,0x00000000e3a00000)
  from space 10752K, 80% used [0x00000000e3a00000,0x00000000e426c278,0x00000000e4480000)
  to   space 10752K, 0% used [0x00000000e9700000,0x00000000e9700000,0x00000000ea180000)
 ParOldGen       total 49664K, used 7699K [0x0000000082200000, 0x0000000085280000, 0x00000000d6100000)
  object space 49664K, 15% used [0x0000000082200000,0x0000000082984ef8,0x0000000085280000)
 Metaspace       used 33282K, capacity 35278K, committed 35416K, reserved 1079296K
  class space    used 4420K, capacity 4771K, committed 4864K, reserved 1048576K
}
Event: 4.653 GC heap before
{Heap before GC invocations=11 (full 2):
 PSYoungGen      total 232960K, used 8624K [0x00000000d6100000, 0x00000000ea180000, 0x0000000100000000)
  eden space 222208K, 0% used [0x00000000d6100000,0x00000000d6100000,0x00000000e3a00000)
  from space 10752K, 80% used [0x00000000e3a00000,0x00000000e426c278,0x00000000e4480000)
  to   space 10752K, 0% used [0x00000000e9700000,0x00000000e9700000,0x00000000ea180000)
 ParOldGen       total 49664K, used 7699K [0x0000000082200000, 0x0000000085280000, 0x00000000d6100000)
  object space 49664K, 15% used [0x0000000082200000,0x0000000082984ef8,0x0000000085280000)
 Metaspace       used 33282K, capacity 35278K, committed 35416K, reserved 1079296K
  class space    used 4420K, capacity 4771K, committed 4864K, reserved 1048576K
Event: 4.691 GC heap after
Heap after GC invocations=11 (full 2):
 PSYoungGen      total 232960K, used 0K [0x00000000d6100000, 0x00000000ea180000, 0x0000000100000000)
  eden space 222208K, 0% used [0x00000000d6100000,0x00000000d6100000,0x00000000e3a00000)
  from space 10752K, 0% used [0x00000000e3a00000,0x00000000e3a00000,0x00000000e4480000)
  to   space 10752K, 0% used [0x00000000e9700000,0x00000000e9700000,0x00000000ea180000)
 ParOldGen       total 49664K, used 13676K [0x0000000082200000, 0x0000000085280000, 0x00000000d6100000)
  object space 49664K, 27% used [0x0000000082200000,0x0000000082f5b0b0,0x0000000085280000)
 Metaspace       used 33282K, capacity 35278K, committed 35416K, reserved 1079296K
  class space    used 4420K, capacity 4771K, committed 4864K, reserved 1048576K
}

