# JRE version: Java(TM) SE Runtime Environment (8.0_171-b11) (build 1.8.0_171-b11)
# Java VM: Java HotSpot(TM) 64-Bit Server VM (25.171-b11 mixed mode windows-amd64 compressed oops)
Heap:
 PSYoungGen      total 337920K, used 5666K [0x00000000d6100000, 0x00000000f1d80000, 0x0000000100000000)
  eden space 324096K, 1% used [0x00000000d6100000,0x00000000d6688960,0x00000000e9d80000)
  from space 13824K, 0% used [0x00000000e9d80000,0x00000000e9d80000,0x00000000eab00000)
  to   space 14848K, 0% used [0x00000000f0f00000,0x00000000f0f00000,0x00000000f1d80000)
 ParOldGen       total 102912K, used 29170K [0x0000000082200000, 0x0000000088680000, 0x00000000d6100000)
  object space 102912K, 28% used [0x0000000082200000,0x0000000083e7c978,0x0000000088680000)
 Metaspace       used 56004K, capacity 58980K, committed 59284K, reserved 1099776K
  class space    used 7655K, capacity 8138K, committed 8192K, reserved 1048576K
GC Heap History (10 events):
Event: 4.411 GC heap before
{Heap before GC invocations=10 (full 1):
 PSYoungGen      total 239104K, used 56035K [0x00000000d6100000, 0x00000000e5800000, 0x0000000100000000)
  eden space 230400K, 20% used [0x00000000d6100000,0x00000000d8f3a2b8,0x00000000e4200000)
  from space 8704K, 99% used [0x00000000e4f80000,0x00000000e57fec68,0x00000000e5800000)
  to   space 10752K, 0% used [0x00000000e4300000,0x00000000e4300000,0x00000000e4d80000)
 ParOldGen       total 47616K, used 7699K [0x0000000082200000, 0x0000000085080000, 0x00000000d6100000)
  object space 47616K, 16% used [0x0000000082200000,0x0000000082984ef0,0x0000000085080000)
 Metaspace       used 33296K, capacity 35266K, committed 35416K, reserved 1079296K
  class space    used 4422K, capacity 4771K, committed 4864K, reserved 1048576K
Event: 4.417 GC heap after
Heap after GC invocations=10 (full 1):
 PSYoungGen      total 242176K, used 8605K [0x00000000d6100000, 0x00000000eb880000, 0x0000000100000000)
  eden space 231424K, 0% used [0x00000000d6100000,0x00000000d6100000,0x00000000e4300000)
  from space 10752K, 80% used [0x00000000e4300000,0x00000000e4b677e8,0x00000000e4d80000)
  to   space 10752K, 0% used [0x00000000eae00000,0x00000000eae00000,0x00000000eb880000)
 ParOldGen       total 47616K, used 7707K [0x0000000082200000, 0x0000000085080000, 0x00000000d6100000)
  object space 47616K, 16% used [0x0000000082200000,0x0000000082986ef0,0x0000000085080000)
 Metaspace       used 33296K, capacity 35266K, committed 35416K, reserved 1079296K
  class space    used 4422K, capacity 4771K, committed 4864K, reserved 1048576K
}
Event: 4.417 GC heap before
{Heap before GC invocations=11 (full 2):
 PSYoungGen      total 242176K, used 8605K [0x00000000d6100000, 0x00000000eb880000, 0x0000000100000000)
  eden space 231424K, 0% used [0x00000000d6100000,0x00000000d6100000,0x00000000e4300000)
  from space 10752K, 80% used [0x00000000e4300000,0x00000000e4b677e8,0x00000000e4d80000)
  to   space 10752K, 0% used [0x00000000eae00000,0x00000000eae00000,0x00000000eb880000)
 ParOldGen       total 47616K, used 7707K [0x0000000082200000, 0x0000000085080000, 0x00000000d6100000)
  object space 47616K, 16% used [0x0000000082200000,0x0000000082986ef0,0x0000000085080000)
 Metaspace       used 33296K, capacity 35266K, committed 35416K, reserved 1079296K
  class space    used 4422K, capacity 4771K, committed 4864K, reserved 1048576K
Event: 4.455 GC heap after
Heap after GC invocations=11 (full 2):
 PSYoungGen      total 242176K, used 0K [0x00000000d6100000, 0x00000000eb880000, 0x0000000100000000)
  eden space 231424K, 0% used [0x00000000d6100000,0x00000000d6100000,0x00000000e4300000)
  from space 10752K, 0% used [0x00000000e4300000,0x00000000e4300000,0x00000000e4d80000)
  to   space 10752K, 0% used [0x00000000eae00000,0x00000000eae00000,0x00000000eb880000)
 ParOldGen       total 68608K, used 13661K [0x0000000082200000, 0x0000000086500000, 0x00000000d6100000)
  object space 68608K, 19% used [0x0000000082200000,0x0000000082f576d0,0x0000000086500000)
 Metaspace       used 33296K, capacity 35266K, committed 35416K, reserved 1079296K
  class space    used 4422K, capacity 4771K, committed 4864K, reserved 1048576K
}
Event: 6.270 GC heap before
{Heap before GC invocations=12 (full 2):
 PSYoungGen      total 242176K, used 231424K [0x00000000d6100000, 0x00000000eb880000, 0x0000000100000000)
  eden space 231424K, 100% used [0x00000000d6100000,0x00000000e4300000,0x00000000e4300000)
  from space 10752K, 0% used [0x00000000e4300000,0x00000000e4300000,0x00000000e4d80000)
  to   space 10752K, 0% used [0x00000000eae00000,0x00000000eae00000,0x00000000eb880000)
 ParOldGen       total 68608K, used 13661K [0x0000000082200000, 0x0000000086500000, 0x00000000d6100000)
  object space 68608K, 19% used [0x0000000082200000,0x0000000082f576d0,0x0000000086500000)
 Metaspace       used 45546K, capacity 47764K, committed 48000K, reserved 1091584K
  class space    used 6112K, capacity 6506K, committed 6528K, reserved 1048576K
Event: 6.282 GC heap after
Heap after GC invocations=12 (full 2):
 PSYoungGen      total 328704K, used 10748K [0x00000000d6100000, 0x00000000eb880000, 0x0000000100000000)
  eden space 317952K, 0% used [0x00000000d6100000,0x00000000d6100000,0x00000000e9780000)
  from space 10752K, 99% used [0x00000000eae00000,0x00000000eb87f060,0x00000000eb880000)
  to   space 13824K, 0% used [0x00000000e9d80000,0x00000000e9d80000,0x00000000eab00000)
 ParOldGen       total 68608K, used 18290K [0x0000000082200000, 0x0000000086500000, 0x00000000d6100000)
  object space 68608K, 26% used [0x0000000082200000,0x00000000833dcbd0,0x0000000086500000)
 Metaspace       used 45546K, capacity 47764K, committed 48000K, reserved 1091584K
  class space    used 6112K, capacity 6506K, committed 6528K, reserved 1048576K
}
Event: 12.264 GC heap before
{Heap before GC invocations=13 (full 2):
 PSYoungGen      total 328704K, used 191353K [0x00000000d6100000, 0x00000000eb880000, 0x0000000100000000)
  eden space 317952K, 56% used [0x00000000d6100000,0x00000000e115f470,0x00000000e9780000)
  from space 10752K, 99% used [0x00000000eae00000,0x00000000eb87f060,0x00000000eb880000)
  to   space 13824K, 0% used [0x00000000e9d80000,0x00000000e9d80000,0x00000000eab00000)
 ParOldGen       total 68608K, used 18290K [0x0000000082200000, 0x0000000086500000, 0x00000000d6100000)
  object space 68608K, 26% used [0x0000000082200000,0x00000000833dcbd0,0x0000000086500000)
 Metaspace       used 55997K, capacity 58970K, committed 59028K, reserved 1099776K
  class space    used 7651K, capacity 8137K, committed 8192K, reserved 1048576K
Event: 12.281 GC heap after
Heap after GC invocations=13 (full 2):
 PSYoungGen      total 337920K, used 11898K [0x00000000d6100000, 0x00000000f1d80000, 0x0000000100000000)
  eden space 324096K, 0% used [0x00000000d6100000,0x00000000d6100000,0x00000000e9d80000)
  from space 13824K, 86% used [0x00000000e9d80000,0x00000000ea91e938,0x00000000eab00000)
  to   space 14848K, 0% used [0x00000000f0f00000,0x00000000f0f00000,0x00000000f1d80000)
 ParOldGen       total 68608K, used 24257K [0x0000000082200000, 0x0000000086500000, 0x00000000d6100000)
  object space 68608K, 35% used [0x0000000082200000,0x00000000839b04c0,0x0000000086500000)
 Metaspace       used 55997K, capacity 58970K, committed 59028K, reserved 1099776K
  class space    used 7651K, capacity 8137K, committed 8192K, reserved 1048576K
}
Event: 12.281 GC heap before
{Heap before GC invocations=14 (full 3):
 PSYoungGen      total 337920K, used 11898K [0x00000000d6100000, 0x00000000f1d80000, 0x0000000100000000)
  eden space 324096K, 0% used [0x00000000d6100000,0x00000000d6100000,0x00000000e9d80000)
  from space 13824K, 86% used [0x00000000e9d80000,0x00000000ea91e938,0x00000000eab00000)
  to   space 14848K, 0% used [0x00000000f0f00000,0x00000000f0f00000,0x00000000f1d80000)
 ParOldGen       total 68608K, used 24257K [0x0000000082200000, 0x0000000086500000, 0x00000000d6100000)
  object space 68608K, 35% used [0x0000000082200000,0x00000000839b04c0,0x0000000086500000)
 Metaspace       used 55997K, capacity 58970K, committed 59028K, reserved 1099776K
  class space    used 7651K, capacity 8137K, committed 8192K, reserved 1048576K
Event: 12.468 GC heap after
Heap after GC invocations=14 (full 3):
 PSYoungGen      total 337920K, used 0K [0x00000000d6100000, 0x00000000f1d80000, 0x0000000100000000)
  eden space 324096K, 0% used [0x00000000d6100000,0x00000000d6100000,0x00000000e9d80000)
  from space 13824K, 0% used [0x00000000e9d80000,0x00000000e9d80000,0x00000000eab00000)
  to   space 14848K, 0% used [0x00000000f0f00000,0x00000000f0f00000,0x00000000f1d80000)
 ParOldGen       total 102912K, used 29170K [0x0000000082200000, 0x0000000088680000, 0x00000000d6100000)
  object space 102912K, 28% used [0x0000000082200000,0x0000000083e7c978,0x0000000088680000)
 Metaspace       used 55997K, capacity 58970K, committed 59028K, reserved 1099776K
  class space    used 7651K, capacity 8137K, committed 8192K, reserved 1048576K
}

