# JRE version: Java(TM) SE Runtime Environment (8.0_171-b11) (build 1.8.0_171-b11)
# Java VM: Java HotSpot(TM) 64-Bit Server VM (25.171-b11 mixed mode windows-amd64 compressed oops)
Heap:
 PSYoungGen      total 420352K, used 74209K [0x00000000d6100000, 0x00000000f1800000, 0x0000000100000000)
  eden space 397824K, 17% used [0x00000000d6100000,0x00000000da4f58b0,0x00000000ee580000)
  from space 22528K, 20% used [0x00000000ee580000,0x00000000eea02d60,0x00000000efb80000)
  to   space 14848K, 0% used [0x00000000efb80000,0x00000000efb80000,0x00000000f0a00000)
 ParOldGen       total 105984K, used 54437K [0x0000000082200000, 0x0000000088980000, 0x00000000d6100000)
  object space 105984K, 51% used [0x0000000082200000,0x00000000857297e0,0x0000000088980000)
 Metaspace       used 68008K, capacity 71871K, committed 72064K, reserved 1112064K
  class space    used 9144K, capacity 9766K, committed 9856K, reserved 1048576K
GC Heap History (10 events):
Event: 6.220 GC heap before
{Heap before GC invocations=12 (full 2):
 PSYoungGen      total 236544K, used 225792K [0x00000000d6100000, 0x00000000eaa80000, 0x0000000100000000)
  eden space 225792K, 100% used [0x00000000d6100000,0x00000000e3d80000,0x00000000e3d80000)
  from space 10752K, 0% used [0x00000000e3d80000,0x00000000e3d80000,0x00000000e4800000)
  to   space 10752K, 0% used [0x00000000ea000000,0x00000000ea000000,0x00000000eaa80000)
 ParOldGen       total 70656K, used 13700K [0x0000000082200000, 0x0000000086700000, 0x00000000d6100000)
  object space 70656K, 19% used [0x0000000082200000,0x0000000082f61018,0x0000000086700000)
 Metaspace       used 45369K, capacity 47586K, committed 47744K, reserved 1091584K
  class space    used 6078K, capacity 6471K, committed 6528K, reserved 1048576K
Event: 6.232 GC heap after
Heap after GC invocations=12 (full 2):
 PSYoungGen      total 317440K, used 10721K [0x00000000d6100000, 0x00000000eaa80000, 0x0000000100000000)
  eden space 306688K, 0% used [0x00000000d6100000,0x00000000d6100000,0x00000000e8c80000)
  from space 10752K, 99% used [0x00000000ea000000,0x00000000eaa78778,0x00000000eaa80000)
  to   space 13312K, 0% used [0x00000000e9080000,0x00000000e9080000,0x00000000e9d80000)
 ParOldGen       total 70656K, used 17886K [0x0000000082200000, 0x0000000086700000, 0x00000000d6100000)
  object space 70656K, 25% used [0x0000000082200000,0x00000000833778b0,0x0000000086700000)
 Metaspace       used 45369K, capacity 47586K, committed 47744K, reserved 1091584K
  class space    used 6078K, capacity 6471K, committed 6528K, reserved 1048576K
}
Event: 12.304 GC heap before
{Heap before GC invocations=13 (full 2):
 PSYoungGen      total 317440K, used 193134K [0x00000000d6100000, 0x00000000eaa80000, 0x0000000100000000)
  eden space 306688K, 59% used [0x00000000d6100000,0x00000000e13231d0,0x00000000e8c80000)
  from space 10752K, 99% used [0x00000000ea000000,0x00000000eaa78778,0x00000000eaa80000)
  to   space 13312K, 0% used [0x00000000e9080000,0x00000000e9080000,0x00000000e9d80000)
 ParOldGen       total 70656K, used 17886K [0x0000000082200000, 0x0000000086700000, 0x00000000d6100000)
  object space 70656K, 25% used [0x0000000082200000,0x00000000833778b0,0x0000000086700000)
 Metaspace       used 55998K, capacity 58973K, committed 59028K, reserved 1099776K
  class space    used 7651K, capacity 8137K, committed 8192K, reserved 1048576K
Event: 12.320 GC heap after
Heap after GC invocations=13 (full 2):
 PSYoungGen      total 324096K, used 12087K [0x00000000d6100000, 0x00000000f0a00000, 0x0000000100000000)
  eden space 310784K, 0% used [0x00000000d6100000,0x00000000d6100000,0x00000000e9080000)
  from space 13312K, 90% used [0x00000000e9080000,0x00000000e9c4ded8,0x00000000e9d80000)
  to   space 14848K, 0% used [0x00000000efb80000,0x00000000efb80000,0x00000000f0a00000)
 ParOldGen       total 70656K, used 23672K [0x0000000082200000, 0x0000000086700000, 0x00000000d6100000)
  object space 70656K, 33% used [0x0000000082200000,0x000000008391e130,0x0000000086700000)
 Metaspace       used 55998K, capacity 58973K, committed 59028K, reserved 1099776K
  class space    used 7651K, capacity 8137K, committed 8192K, reserved 1048576K
}
Event: 12.320 GC heap before
{Heap before GC invocations=14 (full 3):
 PSYoungGen      total 324096K, used 12087K [0x00000000d6100000, 0x00000000f0a00000, 0x0000000100000000)
  eden space 310784K, 0% used [0x00000000d6100000,0x00000000d6100000,0x00000000e9080000)
  from space 13312K, 90% used [0x00000000e9080000,0x00000000e9c4ded8,0x00000000e9d80000)
  to   space 14848K, 0% used [0x00000000efb80000,0x00000000efb80000,0x00000000f0a00000)
 ParOldGen       total 70656K, used 23672K [0x0000000082200000, 0x0000000086700000, 0x00000000d6100000)
  object space 70656K, 33% used [0x0000000082200000,0x000000008391e130,0x0000000086700000)
 Metaspace       used 55998K, capacity 58973K, committed 59028K, reserved 1099776K
  class space    used 7651K, capacity 8137K, committed 8192K, reserved 1048576K
Event: 12.501 GC heap after
Heap after GC invocations=14 (full 3):
 PSYoungGen      total 324096K, used 0K [0x00000000d6100000, 0x00000000f0a00000, 0x0000000100000000)
  eden space 310784K, 0% used [0x00000000d6100000,0x00000000d6100000,0x00000000e9080000)
  from space 13312K, 0% used [0x00000000e9080000,0x00000000e9080000,0x00000000e9d80000)
  to   space 14848K, 0% used [0x00000000efb80000,0x00000000efb80000,0x00000000f0a00000)
 ParOldGen       total 105984K, used 29234K [0x0000000082200000, 0x0000000088980000, 0x00000000d6100000)
  object space 105984K, 27% used [0x0000000082200000,0x0000000083e8ca18,0x0000000088980000)
 Metaspace       used 55998K, capacity 58973K, committed 59028K, reserved 1099776K
  class space    used 7651K, capacity 8137K, committed 8192K, reserved 1048576K
}
Event: 14.486 GC heap before
{Heap before GC invocations=15 (full 3):
 PSYoungGen      total 324096K, used 310784K [0x00000000d6100000, 0x00000000f0a00000, 0x0000000100000000)
  eden space 310784K, 100% used [0x00000000d6100000,0x00000000e9080000,0x00000000e9080000)
  from space 13312K, 0% used [0x00000000e9080000,0x00000000e9080000,0x00000000e9d80000)
  to   space 14848K, 0% used [0x00000000efb80000,0x00000000efb80000,0x00000000f0a00000)
 ParOldGen       total 105984K, used 29234K [0x0000000082200000, 0x0000000088980000, 0x00000000d6100000)
  object space 105984K, 27% used [0x0000000082200000,0x0000000083e8ca18,0x0000000088980000)
 Metaspace       used 61354K, capacity 64761K, committed 65024K, reserved 1105920K
  class space    used 8307K, capacity 8865K, committed 8960K, reserved 1048576K
Event: 14.528 GC heap after
Heap after GC invocations=15 (full 3):
 PSYoungGen      total 412672K, used 14820K [0x00000000d6100000, 0x00000000f1800000, 0x0000000100000000)
  eden space 397824K, 0% used [0x00000000d6100000,0x00000000d6100000,0x00000000ee580000)
  from space 14848K, 99% used [0x00000000efb80000,0x00000000f09f90e8,0x00000000f0a00000)
  to   space 22528K, 0% used [0x00000000ee580000,0x00000000ee580000,0x00000000efb80000)
 ParOldGen       total 105984K, used 45623K [0x0000000082200000, 0x0000000088980000, 0x00000000d6100000)
  object space 105984K, 43% used [0x0000000082200000,0x0000000084e8de80,0x0000000088980000)
 Metaspace       used 61354K, capacity 64761K, committed 65024K, reserved 1105920K
  class space    used 8307K, capacity 8865K, committed 8960K, reserved 1048576K
}
Event: 15.847 GC heap before
{Heap before GC invocations=16 (full 3):
 PSYoungGen      total 412672K, used 412644K [0x00000000d6100000, 0x00000000f1800000, 0x0000000100000000)
  eden space 397824K, 100% used [0x00000000d6100000,0x00000000ee580000,0x00000000ee580000)
  from space 14848K, 99% used [0x00000000efb80000,0x00000000f09f90e8,0x00000000f0a00000)
  to   space 22528K, 0% used [0x00000000ee580000,0x00000000ee580000,0x00000000efb80000)
 ParOldGen       total 105984K, used 45623K [0x0000000082200000, 0x0000000088980000, 0x00000000d6100000)
  object space 105984K, 43% used [0x0000000082200000,0x0000000084e8de80,0x0000000088980000)
 Metaspace       used 65111K, capacity 68787K, committed 69120K, reserved 1110016K
  class space    used 8786K, capacity 9388K, committed 9472K, reserved 1048576K
Event: 15.859 GC heap after
Heap after GC invocations=16 (full 3):
 PSYoungGen      total 420352K, used 4619K [0x00000000d6100000, 0x00000000f1800000, 0x0000000100000000)
  eden space 397824K, 0% used [0x00000000d6100000,0x00000000d6100000,0x00000000ee580000)
  from space 22528K, 20% used [0x00000000ee580000,0x00000000eea02d60,0x00000000efb80000)
  to   space 14848K, 0% used [0x00000000efb80000,0x00000000efb80000,0x00000000f0a00000)
 ParOldGen       total 105984K, used 54437K [0x0000000082200000, 0x0000000088980000, 0x00000000d6100000)
  object space 105984K, 51% used [0x0000000082200000,0x00000000857297e0,0x0000000088980000)
 Metaspace       used 65111K, capacity 68787K, committed 69120K, reserved 1110016K
  class space    used 8786K, capacity 9388K, committed 9472K, reserved 1048576K
}

